52.0 APEX_CODE,FINEST;APEX_PROFILING,INFO;CALLOUT,INFO;DB,INFO;NBA,INFO;SYSTEM,DEBUG;VALIDATION,INFO;VISUALFORCE,FINER;WAVE,INFO;WORKFLOW,INFO
12:26:49.0 (755383)|USER_INFO|[EXTERNAL]|00509000006mONW|c.delfino@resilient-otter-1prld4.com|(GMT+02:00) Central European Summer Time (Europe/Paris)|GMT+02:00
12:26:49.0 (884581)|EXECUTION_STARTED
12:26:49.0 (902922)|CODE_UNIT_STARTED|[EXTERNAL]|01p0900000KFwVU|TestAccounts.dataCreation()
12:26:49.0 (2140010)|HEAP_ALLOCATE|[79]|Bytes:3
12:26:49.0 (2219764)|HEAP_ALLOCATE|[84]|Bytes:152
12:26:49.0 (2239593)|HEAP_ALLOCATE|[399]|Bytes:408
12:26:49.0 (2257829)|HEAP_ALLOCATE|[412]|Bytes:408
12:26:49.0 (2274649)|HEAP_ALLOCATE|[520]|Bytes:48
12:26:49.0 (2307261)|HEAP_ALLOCATE|[139]|Bytes:6
12:26:49.0 (2323840)|HEAP_ALLOCATE|[EXTERNAL]|Bytes:23
12:26:49.0 (2389621)|METHOD_ENTRY|[1]|01p0900000KFwVU|TestAccounts.TestAccounts()
12:26:49.0 (2409262)|STATEMENT_EXECUTE|[1]
12:26:49.0 (2423737)|STATEMENT_EXECUTE|[1]
12:26:49.0 (2435056)|METHOD_EXIT|[1]|TestAccounts
12:26:49.0 (2498152)|HEAP_ALLOCATE|[52]|Bytes:5
12:26:49.0 (2533739)|HEAP_ALLOCATE|[58]|Bytes:5
12:26:49.0 (2543656)|HEAP_ALLOCATE|[66]|Bytes:7
12:26:49.0 (2593914)|STATEMENT_EXECUTE|[3]
12:26:49.0 (2596363)|STATEMENT_EXECUTE|[5]
12:26:49.0 (2671115)|HEAP_ALLOCATE|[5]|Bytes:4
12:26:49.0 (2758074)|HEAP_ALLOCATE|[5]|Bytes:12
12:26:49.0 (3961309)|VARIABLE_ASSIGNMENT|[5]|this.Name|"Test Account"|0x695510c9
12:26:49.0 (4014603)|HEAP_ALLOCATE|[5]|Bytes:28
12:26:49.0 (4056905)|VARIABLE_ASSIGNMENT|[5]|this.Chiffre_d_affaire__c|10000|0x695510c9
12:26:49.0 (4105585)|VARIABLE_SCOPE_BEGIN|[5]|acc|Account|true|false
12:26:49.0 (4140774)|VARIABLE_ASSIGNMENT|[5]|acc|{"Name":"Test Account","Chiffre_d_affaire__c":10000}|0x695510c9
12:26:49.0 (4153210)|STATEMENT_EXECUTE|[6]
12:26:49.0 (4199100)|HEAP_ALLOCATE|[6]|Bytes:8
12:26:49.0 (4224176)|DML_BEGIN|[6]|Op:Insert|Type:Account|Rows:1
12:26:49.0 (4277479)|HEAP_ALLOCATE|[EXTERNAL]|Bytes:8
12:26:49.0 (137066354)|DML_END|[6]
12:26:49.0 (137101707)|STATEMENT_EXECUTE|[8]
12:26:49.0 (138565708)|HEAP_ALLOCATE|[8]|Bytes:10
12:26:49.0 (138597465)|HEAP_ALLOCATE|[8]|Bytes:2
12:26:49.0 (138621909)|METHOD_ENTRY|[2]|01p0900000Ipxut|TestDataFactory.TestDataFactory()
12:26:49.0 (138631782)|STATEMENT_EXECUTE|[2]
12:26:49.0 (138639222)|STATEMENT_EXECUTE|[2]
12:26:49.0 (138649031)|METHOD_EXIT|[2]|TestDataFactory
12:26:49.0 (138677084)|METHOD_ENTRY|[8]|01p0900000Ipxut|TestDataFactory.createPriceBookEntry()
12:26:49.0 (138753784)|STATEMENT_EXECUTE|[14]
12:26:49.0 (138756111)|STATEMENT_EXECUTE|[15]
12:26:49.0 (138844953)|HEAP_ALLOCATE|[15]|Bytes:4
12:26:49.0 (138943608)|HEAP_ALLOCATE|[15]|Bytes:24
12:26:49.0 (140356106)|VARIABLE_ASSIGNMENT|[15]|this.Name|"Chemise Verte longue (4 more) ..."|0x1624c339
12:26:49.0 (140379307)|HEAP_ALLOCATE|[15]|Bytes:7
12:26:49.0 (140416159)|VARIABLE_ASSIGNMENT|[15]|this.Family|"Chemise"|0x1624c339
12:26:49.0 (140457692)|VARIABLE_SCOPE_BEGIN|[15]|product|Product2|true|false
12:26:49.0 (140490608)|VARIABLE_ASSIGNMENT|[15]|product|{"Name":"Chemise Verte longue (4 more) ...","Family":"Chemise"}|0x1624c339
12:26:49.0 (140503350)|STATEMENT_EXECUTE|[16]
12:26:49.0 (140534439)|HEAP_ALLOCATE|[16]|Bytes:8
12:26:49.0 (140559309)|DML_BEGIN|[16]|Op:Insert|Type:Product2|Rows:1
12:26:49.0 (140602318)|HEAP_ALLOCATE|[EXTERNAL]|Bytes:8
12:26:49.0 (167158860)|DML_END|[16]
12:26:49.0 (167219295)|STATEMENT_EXECUTE|[18]
12:26:49.0 (167334834)|HEAP_ALLOCATE|[18]|Bytes:4
12:26:49.0 (167469880)|HEAP_ALLOCATE|[19]|Bytes:74
12:26:49.0 (167504025)|SYSTEM_METHOD_ENTRY|[1]|Test.Test()
12:26:49.0 (167511511)|STATEMENT_EXECUTE|[1]
12:26:49.0 (167521113)|SYSTEM_METHOD_EXIT|[1]|Test
12:26:49.0 (167543684)|METHOD_ENTRY|[19]||System.Test.getStandardPricebookId()
12:26:49.0 (170011729)|METHOD_EXIT|[19]||System.Test.getStandardPricebookId()
12:26:49.0 (171046918)|VARIABLE_ASSIGNMENT|[18]|this.Pricebook2Id|"01s0900000CUUt8AAH"|0x704f9cd8
12:26:49.0 (171126993)|VARIABLE_ASSIGNMENT|[18]|this.Product2Id|"01t09000000nEMAAA2"|0x704f9cd8
12:26:49.0 (171152704)|HEAP_ALLOCATE|[18]|Bytes:28
12:26:49.0 (171190657)|VARIABLE_ASSIGNMENT|[18]|this.UnitPrice|1020|0x704f9cd8
12:26:49.0 (171217045)|VARIABLE_ASSIGNMENT|[18]|this.IsActive|true|0x704f9cd8
12:26:49.0 (171256287)|VARIABLE_SCOPE_BEGIN|[18]|pbe|PricebookEntry|true|false
12:26:49.0 (171291749)|VARIABLE_ASSIGNMENT|[18]|pbe|{"Pricebook2Id":"01s0900000CUUt8AAH","Product2Id":"01t09000000nEMAAA2","UnitPrice":1020,"IsActive":true}|0x704f9cd8
12:26:49.0 (171304963)|STATEMENT_EXECUTE|[24]
12:26:49.0 (171336288)|HEAP_ALLOCATE|[24]|Bytes:8
12:26:49.0 (171359164)|DML_BEGIN|[24]|Op:Insert|Type:PricebookEntry|Rows:1
12:26:49.0 (171406324)|HEAP_ALLOCATE|[EXTERNAL]|Bytes:8
12:26:49.0 (195688592)|DML_END|[24]
12:26:49.0 (195726469)|STATEMENT_EXECUTE|[25]
12:26:49.0 (195741411)|METHOD_EXIT|[8]|01p0900000Ipxut|TestDataFactory.createPriceBookEntry()
12:26:49.0 (195767184)|VARIABLE_SCOPE_BEGIN|[8]|pbe|PricebookEntry|true|false
12:26:49.0 (195814314)|VARIABLE_ASSIGNMENT|[8]|pbe|{"Pricebook2Id":"01s0900000CUUt8AAH","Product2Id":"01t09000000nEMAAA2","UnitPrice":1020,"IsActive":true,"Id":"01u09000000iE0RAAU"}|0x704f9cd8
12:26:49.0 (195826395)|STATEMENT_EXECUTE|[10]
12:26:49.0 (195893600)|METHOD_ENTRY|[10]|01p0900000Ipxut|TestDataFactory.createOrder(Id, Boolean)
12:26:49.0 (195928177)|VARIABLE_SCOPE_BEGIN|[29]|accountId|Id|false|false
12:26:49.0 (196079582)|VARIABLE_ASSIGNMENT|[29]|accountId|"0010900000VQLRiAAP"
12:26:49.0 (196097170)|VARIABLE_SCOPE_BEGIN|[29]|doInsert|Boolean|false|false
12:26:49.0 (196112049)|VARIABLE_ASSIGNMENT|[29]|doInsert|true
12:26:49.0 (196147961)|STATEMENT_EXECUTE|[29]
12:26:49.0 (196152654)|STATEMENT_EXECUTE|[30]
12:26:49.0 (196240225)|HEAP_ALLOCATE|[30]|Bytes:4
12:26:49.0 (197586387)|VARIABLE_ASSIGNMENT|[30]|this.AccountId|"0010900000VQLRiAAP"|0x2adc521f
12:26:49.0 (197616013)|METHOD_ENTRY|[32]||System.Test.getStandardPricebookId()
12:26:49.0 (198055945)|METHOD_EXIT|[32]||System.Test.getStandardPricebookId()
12:26:49.0 (198123654)|VARIABLE_ASSIGNMENT|[30]|this.Pricebook2Id|"01s0900000CUUt8AAH"|0x2adc521f
12:26:49.0 (198139933)|HEAP_ALLOCATE|[33]|Bytes:5
12:26:49.0 (198168637)|VARIABLE_ASSIGNMENT|[30]|this.Status|"draft"|0x2adc521f
12:26:49.0 (198273807)|HEAP_ALLOCATE|[34]|Bytes:4
12:26:49.0 (198323225)|VARIABLE_ASSIGNMENT|[30]|this.EffectiveDate|"2021-06-28T00:00:00.000Z"|0x2adc521f
12:26:49.0 (198360435)|VARIABLE_SCOPE_BEGIN|[30]|newOrder|Order|true|false
12:26:49.0 (198395888)|VARIABLE_ASSIGNMENT|[30]|newOrder|{"AccountId":"0010900000VQLRiAAP","Pricebook2Id":"01s0900000CUUt8AAH","Status":"draft","EffectiveDate":"2021-06-28T00:00:00.000Z"}|0x2adc521f
12:26:49.0 (198410365)|STATEMENT_EXECUTE|[36]
12:26:49.0 (198414668)|STATEMENT_EXECUTE|[37]
12:26:49.0 (198433828)|HEAP_ALLOCATE|[37]|Bytes:8
12:26:49.0 (198457495)|DML_BEGIN|[37]|Op:Insert|Type:Order|Rows:1
12:26:49.0 (198501321)|HEAP_ALLOCATE|[EXTERNAL]|Bytes:8
12:26:49.0 (228740553)|DML_END|[37]
12:26:49.0 (228775529)|STATEMENT_EXECUTE|[39]
12:26:49.0 (228794246)|METHOD_EXIT|[10]|01p0900000Ipxut|TestDataFactory.createOrder(Id, Boolean)
12:26:49.0 (228823735)|VARIABLE_SCOPE_BEGIN|[10]|newOrder|Order|true|false
12:26:49.0 (228888236)|VARIABLE_ASSIGNMENT|[10]|newOrder|{"AccountId":"0010900000VQLRiAAP","Pricebook2Id":"01s0900000CUUt8AAH","Status":"draft","EffectiveDate":"2021-06-28T00:00:00.000Z","Id":"80109000002ZWoiAAG"}|0x2adc521f
12:26:49.0 (228901372)|STATEMENT_EXECUTE|[12]
12:26:49.0 (228992114)|HEAP_ALLOCATE|[12]|Bytes:4
12:26:49.0 (230145322)|VARIABLE_ASSIGNMENT|[12]|this.OrderId|"80109000002ZWoiAAG"|0x2b56d23c
12:26:49.0 (230263302)|VARIABLE_ASSIGNMENT|[12]|this.PricebookEntryId|"01u09000000iE0RAAU"|0x2b56d23c
12:26:49.0 (230310174)|HEAP_ALLOCATE|[12]|Bytes:28
12:26:49.0 (230318819)|HEAP_ALLOCATE|[12]|Bytes:28
12:26:49.0 (230351257)|VARIABLE_ASSIGNMENT|[12]|this.Quantity|10|0x2b56d23c
12:26:49.0 (230365278)|HEAP_ALLOCATE|[12]|Bytes:28
12:26:49.0 (230385840)|VARIABLE_ASSIGNMENT|[12]|this.UnitPrice|150|0x2b56d23c
12:26:49.0 (230422945)|VARIABLE_SCOPE_BEGIN|[12]|item|OrderItem|true|false
12:26:49.0 (230453138)|VARIABLE_ASSIGNMENT|[12]|item|{"OrderId":"80109000002ZWoiAAG","PricebookEntryId":"01u09000000iE0RAAU","Quantity":10,"UnitPrice":150}|0x2b56d23c
12:26:49.0 (230465544)|STATEMENT_EXECUTE|[13]
12:26:49.0 (230494706)|HEAP_ALLOCATE|[13]|Bytes:8
12:26:49.0 (230519419)|DML_BEGIN|[13]|Op:Insert|Type:OrderItem|Rows:1
12:26:49.0 (230560840)|HEAP_ALLOCATE|[EXTERNAL]|Bytes:8
12:26:49.0 (275268473)|CODE_UNIT_STARTED|[EXTERNAL]|Workflow:Order
12:26:49.0 (276074393)|CODE_UNIT_FINISHED|Workflow:Order
12:26:49.0 (280612346)|DML_END|[13]
12:26:49.280 (280678032)|CUMULATIVE_LIMIT_USAGE
12:26:49.280 (280678032)|LIMIT_USAGE_FOR_NS|(default)|
  Number of SOQL queries: 0 out of 100
  Number of query rows: 0 out of 50000
  Number of SOSL queries: 0 out of 20
  Number of DML statements: 5 out of 150
  Number of Publish Immediate DML: 0 out of 150
  Number of DML rows: 5 out of 10000
  Maximum CPU time: 0 out of 10000
  Maximum heap size: 0 out of 6000000
  Number of callouts: 0 out of 100
  Number of Email Invocations: 0 out of 10
  Number of future calls: 0 out of 50
  Number of queueable jobs added to the queue: 0 out of 50
  Number of Mobile Apex push calls: 0 out of 10

12:26:49.280 (280678032)|CUMULATIVE_LIMIT_USAGE_END

12:26:49.0 (280778375)|CODE_UNIT_FINISHED|TestAccounts.dataCreation()
12:26:49.0 (280798764)|EXECUTION_FINISHED
12:26:49.289 (289198582)|USER_INFO|[EXTERNAL]|00509000006mONW|c.delfino@resilient-otter-1prld4.com|(GMT+02:00) Central European Summer Time (Europe/Paris)|GMT+02:00
12:26:49.289 (289227282)|EXECUTION_STARTED
12:26:49.289 (289236256)|CODE_UNIT_STARTED|[EXTERNAL]|01p0900000KFwVU|TestAccounts.updateOneAccountCA()
12:26:49.289 (289387654)|HEAP_ALLOCATE|[79]|Bytes:3
12:26:49.289 (289418737)|HEAP_ALLOCATE|[84]|Bytes:152
12:26:49.289 (289439812)|HEAP_ALLOCATE|[399]|Bytes:408
12:26:49.289 (289457413)|HEAP_ALLOCATE|[412]|Bytes:408
12:26:49.289 (289474109)|HEAP_ALLOCATE|[520]|Bytes:48
12:26:49.289 (289498749)|HEAP_ALLOCATE|[139]|Bytes:6
12:26:49.289 (289513074)|HEAP_ALLOCATE|[EXTERNAL]|Bytes:23
12:26:49.289 (289529074)|METHOD_ENTRY|[1]|01p0900000KFwVU|TestAccounts.TestAccounts()
12:26:49.289 (289540066)|STATEMENT_EXECUTE|[1]
12:26:49.289 (289547171)|STATEMENT_EXECUTE|[1]
12:26:49.289 (289552938)|METHOD_EXIT|[1]|TestAccounts
12:26:49.289 (289573152)|HEAP_ALLOCATE|[52]|Bytes:5
12:26:49.289 (289596878)|HEAP_ALLOCATE|[58]|Bytes:5
12:26:49.289 (289609971)|HEAP_ALLOCATE|[66]|Bytes:7
12:26:49.289 (289654616)|STATEMENT_EXECUTE|[16]
12:26:49.289 (289657275)|STATEMENT_EXECUTE|[18]
12:26:49.289 (289661839)|HEAP_ALLOCATE|[18]|Bytes:58
12:26:49.289 (289679916)|HEAP_ALLOCATE|[18]|Bytes:4
12:26:49.289 (290010339)|SOQL_EXECUTE_BEGIN|[18]|Aggregations:0|SELECT Id FROM Account WHERE Name = 'Test Account' LIMIT 1
12:26:49.289 (297223174)|SOQL_EXECUTE_END|[18]|Rows:1
12:26:49.289 (297255541)|HEAP_ALLOCATE|[18]|Bytes:8
12:26:49.289 (297291749)|HEAP_ALLOCATE|[18]|Bytes:29
12:26:49.289 (297380737)|HEAP_ALLOCATE|[18]|Bytes:8
12:26:49.289 (297417268)|HEAP_ALLOCATE|[18]|Bytes:33
12:26:49.289 (297491471)|HEAP_ALLOCATE|[18]|Bytes:8
12:26:49.289 (297501887)|VARIABLE_SCOPE_BEGIN|[18]|acc|Account|true|false
12:26:49.289 (297562094)|VARIABLE_ASSIGNMENT|[18]|acc|{"Id":"0010900000VQLRiAAP"}|0x4176323c
12:26:49.289 (297582536)|STATEMENT_EXECUTE|[19]
12:26:49.289 (297589000)|HEAP_ALLOCATE|[19]|Bytes:47
12:26:49.289 (297607178)|HEAP_ALLOCATE|[19]|Bytes:4
12:26:49.289 (297616021)|HEAP_ALLOCATE|[19]|Bytes:7
12:26:49.289 (297954896)|SOQL_EXECUTE_BEGIN|[19]|Aggregations:0|SELECT Id FROM Order WHERE AccountId = :tmpVar1
12:26:49.289 (303014360)|SOQL_EXECUTE_END|[19]|Rows:1
12:26:49.289 (303049277)|HEAP_ALLOCATE|[19]|Bytes:8
12:26:49.289 (303083992)|HEAP_ALLOCATE|[19]|Bytes:29
12:26:49.289 (303143354)|HEAP_ALLOCATE|[19]|Bytes:8
12:26:49.289 (303162666)|HEAP_ALLOCATE|[19]|Bytes:31
12:26:49.289 (303239943)|HEAP_ALLOCATE|[19]|Bytes:8
12:26:49.289 (303251964)|VARIABLE_SCOPE_BEGIN|[19]|newOrder|Order|true|false
12:26:49.289 (303290589)|VARIABLE_ASSIGNMENT|[19]|newOrder|{"Id":"80109000002ZWoiAAG"}|0x369a43e4
12:26:49.289 (303305627)|STATEMENT_EXECUTE|[22]
12:26:49.289 (303318528)|HEAP_ALLOCATE|[22]|Bytes:4
12:26:49.289 (303405218)|VARIABLE_SCOPE_BEGIN|[22]|accs|List<Account>|true|false
12:26:49.289 (303422778)|HEAP_ALLOCATE|[EXTERNAL]|Bytes:8
12:26:49.289 (303442800)|VARIABLE_ASSIGNMENT|[22]|accs|[{"Id":"0010900000VQLRiAAP"}]|0x5e66e324
12:26:49.289 (303455846)|STATEMENT_EXECUTE|[25]
12:26:49.289 (303474212)|HEAP_ALLOCATE|[25]|Bytes:74
12:26:49.289 (303504255)|SYSTEM_METHOD_ENTRY|[1]|Test.Test()
12:26:49.289 (303509447)|STATEMENT_EXECUTE|[1]
12:26:49.289 (303518805)|SYSTEM_METHOD_EXIT|[1]|Test
12:26:49.289 (303533756)|METHOD_ENTRY|[25]||System.Test.startTest()
12:26:49.289 (305559659)|METHOD_EXIT|[25]||System.Test.startTest()
12:26:49.289 (305577618)|STATEMENT_EXECUTE|[26]
12:26:49.289 (306392053)|HEAP_ALLOCATE|[26]|Bytes:22
12:26:49.289 (306407271)|HEAP_ALLOCATE|[26]|Bytes:1
12:26:49.289 (306429618)|METHOD_ENTRY|[1]|01p0900000IsclI|Accounts.Accounts()
12:26:49.289 (306476807)|STATEMENT_EXECUTE|[1]
12:26:49.289 (306483232)|STATEMENT_EXECUTE|[1]
12:26:49.289 (306947369)|SYSTEM_MODE_ENTER|false
12:26:49.289 (306975929)|HEAP_ALLOCATE|[26]|Bytes:5
12:26:49.289 (306987571)|STATEMENT_EXECUTE|[27]
12:26:49.289 (306995432)|SYSTEM_MODE_EXIT|false
12:26:49.289 (307008116)|METHOD_EXIT|[1]|Accounts
12:26:49.289 (307032131)|METHOD_ENTRY|[26]|01p0900000IsclI|Accounts.updateAccountCA(List<Account>)
12:26:49.289 (307059895)|VARIABLE_SCOPE_BEGIN|[3]|accsToUpdate|List<Account>|true|false
12:26:49.289 (307096443)|VARIABLE_ASSIGNMENT|[3]|accsToUpdate|[{"Id":"0010900000VQLRiAAP"}]|0x5e66e324
12:26:49.289 (307121166)|SYSTEM_MODE_ENTER|false
12:26:49.289 (307129489)|HEAP_ALLOCATE|[5]|Bytes:5
12:26:49.289 (307137108)|STATEMENT_EXECUTE|[3]
12:26:49.289 (307187990)|STATEMENT_EXECUTE|[7]
12:26:49.289 (307191589)|STATEMENT_EXECUTE|[9]
12:26:49.289 (307918037)|HEAP_ALLOCATE|[9]|Bytes:22
12:26:49.289 (307930450)|HEAP_ALLOCATE|[9]|Bytes:1
12:26:49.289 (307949288)|METHOD_ENTRY|[1]|01p0900000IsclJ|OrdersSelector.OrdersSelector()
12:26:49.289 (307957979)|STATEMENT_EXECUTE|[1]
12:26:49.289 (307962655)|STATEMENT_EXECUTE|[1]
12:26:49.289 (307973380)|HEAP_ALLOCATE|[9]|Bytes:5
12:26:49.289 (307977974)|STATEMENT_EXECUTE|[13]
12:26:49.289 (307985418)|METHOD_EXIT|[1]|OrdersSelector
12:26:49.289 (308000668)|METHOD_ENTRY|[9]|01p0900000IsclJ|OrdersSelector.selectOrdersFromAccounts(List<Account>)
12:26:49.289 (308023659)|VARIABLE_SCOPE_BEGIN|[4]|accList|List<Account>|true|false
12:26:49.289 (308053218)|VARIABLE_ASSIGNMENT|[4]|accList|[{"Id":"0010900000VQLRiAAP"}]|0x5e66e324
12:26:49.289 (308072270)|HEAP_ALLOCATE|[5]|Bytes:5
12:26:49.289 (308078343)|STATEMENT_EXECUTE|[4]
12:26:49.289 (308106835)|STATEMENT_EXECUTE|[7]
12:26:49.289 (308110275)|STATEMENT_EXECUTE|[8]
12:26:49.289 (308113674)|HEAP_ALLOCATE|[8]|Bytes:72
12:26:49.289 (308129870)|HEAP_ALLOCATE|[8]|Bytes:4
12:26:49.289 (308565218)|SOQL_EXECUTE_BEGIN|[8]|Aggregations:0|SELECT Id, TotalAmount, AccountId FROM Order WHERE AccountId IN :tmpVar1
12:26:49.289 (312824587)|SOQL_EXECUTE_END|[8]|Rows:1
12:26:49.289 (312860204)|HEAP_ALLOCATE|[8]|Bytes:8
12:26:49.289 (312915736)|HEAP_ALLOCATE|[8]|Bytes:111
12:26:49.289 (312952657)|HEAP_ALLOCATE|[8]|Bytes:8
12:26:49.289 (312975106)|VARIABLE_SCOPE_BEGIN|[8]|listOrders|List<Order>|true|false
12:26:49.289 (313023582)|VARIABLE_ASSIGNMENT|[8]|listOrders|[{"Id":"80109000002ZWoiAAG","TotalAmount":1500.00,"AccountId":"0010900000VQLRiAAP"}]|0x14a44db2
12:26:49.289 (313038629)|STATEMENT_EXECUTE|[10]
12:26:49.289 (313055427)|METHOD_EXIT|[9]|01p0900000IsclJ|OrdersSelector.selectOrdersFromAccounts(List<Account>)
12:26:49.289 (313066715)|VARIABLE_SCOPE_BEGIN|[9]|accOrders|List<Order>|true|false
12:26:49.289 (313087990)|VARIABLE_ASSIGNMENT|[9]|accOrders|[{"Id":"80109000002ZWoiAAG","TotalAmount":1500.00,"AccountId":"0010900000VQLRiAAP"}]|0x14a44db2
12:26:49.289 (313098225)|STATEMENT_EXECUTE|[11]
12:26:49.289 (313112078)|HEAP_ALLOCATE|[11]|Bytes:4
12:26:49.289 (313148458)|VARIABLE_SCOPE_BEGIN|[11]|updatedAccs|List<Account>|true|false
12:26:49.289 (313161378)|HEAP_ALLOCATE|[EXTERNAL]|Bytes:4
12:26:49.289 (313171108)|VARIABLE_ASSIGNMENT|[11]|updatedAccs|[]|0x1e03ff50
12:26:49.289 (313353497)|HEAP_ALLOCATE|[13]|Bytes:5
12:26:49.289 (313376054)|HEAP_ALLOCATE|[13]|Bytes:8
12:26:49.289 (313387632)|VARIABLE_SCOPE_BEGIN|[13]|acc|Account|true|false
12:26:49.289 (313407977)|VARIABLE_ASSIGNMENT|[13]|acc|{"Id":"0010900000VQLRiAAP"}|0x4176323c
12:26:49.289 (313419862)|STATEMENT_EXECUTE|[13]
12:26:49.289 (313483122)|HEAP_ALLOCATE|[14]|Bytes:5
12:26:49.289 (313495175)|HEAP_ALLOCATE|[14]|Bytes:16
12:26:49.289 (313503019)|VARIABLE_SCOPE_BEGIN|[14]|order|Order|true|false
12:26:49.289 (313525920)|VARIABLE_ASSIGNMENT|[14]|order|{"Id":"80109000002ZWoiAAG","TotalAmount":1500.00,"AccountId":"0010900000VQLRiAAP"}|0x6d8ff48c
12:26:49.289 (313535880)|STATEMENT_EXECUTE|[14]
12:26:49.289 (313655078)|STATEMENT_EXECUTE|[15]
12:26:49.289 (313657672)|STATEMENT_EXECUTE|[16]
12:26:49.289 (313698362)|EXCEPTION_THROWN|[16]|System.SObjectException: SObject row was retrieved via SOQL without querying the requested field: Account.Chiffre_d_affaire__c
12:26:49.289 (313759160)|HEAP_ALLOCATE|[16]|Bytes:105
12:26:49.289 (313779153)|SYSTEM_MODE_EXIT|false
12:26:49.289 (313792930)|METHOD_EXIT|[26]|01p0900000IsclI|Accounts.updateAccountCA(List<Account>)
12:26:49.289 (313900729)|FATAL_ERROR|System.SObjectException: SObject row was retrieved via SOQL without querying the requested field: Account.Chiffre_d_affaire__c

Class.Accounts.updateAccountCA: line 16, column 1
Class.TestAccounts.updateOneAccountCA: line 26, column 1
12:26:49.289 (313918365)|FATAL_ERROR|System.SObjectException: SObject row was retrieved via SOQL without querying the requested field: Account.Chiffre_d_affaire__c

Class.Accounts.updateAccountCA: line 16, column 1
Class.TestAccounts.updateOneAccountCA: line 26, column 1
12:26:49.313 (313930855)|CUMULATIVE_LIMIT_USAGE
12:26:49.313 (313930855)|LIMIT_USAGE_FOR_NS|(default)|
  Number of SOQL queries: 2 out of 100
  Number of query rows: 2 out of 50000
  Number of SOSL queries: 0 out of 20
  Number of DML statements: 5 out of 150
  Number of Publish Immediate DML: 0 out of 150
  Number of DML rows: 5 out of 10000
  Maximum CPU time: 0 out of 10000
  Maximum heap size: 0 out of 6000000
  Number of callouts: 0 out of 100
  Number of Email Invocations: 0 out of 10
  Number of future calls: 0 out of 50
  Number of queueable jobs added to the queue: 0 out of 50
  Number of Mobile Apex push calls: 0 out of 10

12:26:49.313 (313930855)|TESTING_LIMITS
12:26:49.313 (313930855)|LIMIT_USAGE_FOR_NS|(default)|
  Number of SOQL queries: 1 out of 100
  Number of query rows: 1 out of 50000
  Number of SOSL queries: 0 out of 20
  Number of DML statements: 0 out of 150
  Number of Publish Immediate DML: 0 out of 150
  Number of DML rows: 0 out of 10000
  Maximum CPU time: 0 out of 10000
  Maximum heap size: 0 out of 6000000
  Number of callouts: 0 out of 100
  Number of Email Invocations: 0 out of 10
  Number of future calls: 0 out of 50
  Number of queueable jobs added to the queue: 0 out of 50
  Number of Mobile Apex push calls: 0 out of 10

12:26:49.313 (313930855)|CUMULATIVE_LIMIT_USAGE_END

12:26:49.289 (314006857)|CODE_UNIT_FINISHED|TestAccounts.updateOneAccountCA()
12:26:49.289 (314016991)|EXECUTION_FINISHED
