52.0 APEX_CODE,FINEST;APEX_PROFILING,INFO;CALLOUT,INFO;DB,INFO;NBA,INFO;SYSTEM,DEBUG;VALIDATION,INFO;VISUALFORCE,FINER;WAVE,INFO;WORKFLOW,INFO
12:22:09.2 (2419280)|USER_INFO|[EXTERNAL]|00509000006mONW|c.delfino@resilient-otter-1prld4.com|(GMT+02:00) Central European Summer Time (Europe/Paris)|GMT+02:00
12:22:09.2 (2538805)|EXECUTION_STARTED
12:22:09.2 (2551716)|CODE_UNIT_STARTED|[EXTERNAL]|01p0900000KFwVU|TestAccounts.dataCreation()
12:22:09.2 (3854749)|HEAP_ALLOCATE|[79]|Bytes:3
12:22:09.2 (3955446)|HEAP_ALLOCATE|[84]|Bytes:152
12:22:09.2 (3973784)|HEAP_ALLOCATE|[399]|Bytes:408
12:22:09.2 (3992242)|HEAP_ALLOCATE|[412]|Bytes:408
12:22:09.2 (4008027)|HEAP_ALLOCATE|[520]|Bytes:48
12:22:09.2 (4038668)|HEAP_ALLOCATE|[139]|Bytes:6
12:22:09.2 (4055703)|HEAP_ALLOCATE|[EXTERNAL]|Bytes:23
12:22:09.2 (4106978)|METHOD_ENTRY|[1]|01p0900000KFwVU|TestAccounts.TestAccounts()
12:22:09.2 (4117935)|STATEMENT_EXECUTE|[1]
12:22:09.2 (4123950)|STATEMENT_EXECUTE|[1]
12:22:09.2 (4139628)|METHOD_EXIT|[1]|TestAccounts
12:22:09.2 (4174493)|HEAP_ALLOCATE|[52]|Bytes:5
12:22:09.2 (4197909)|HEAP_ALLOCATE|[58]|Bytes:5
12:22:09.2 (4206904)|HEAP_ALLOCATE|[66]|Bytes:7
12:22:09.2 (4251650)|STATEMENT_EXECUTE|[3]
12:22:09.2 (4254061)|STATEMENT_EXECUTE|[5]
12:22:09.2 (4333775)|HEAP_ALLOCATE|[5]|Bytes:4
12:22:09.2 (4424111)|HEAP_ALLOCATE|[5]|Bytes:12
12:22:09.2 (5561191)|VARIABLE_ASSIGNMENT|[5]|this.Name|"Test Account"|0x69b24064
12:22:09.2 (5615366)|HEAP_ALLOCATE|[5]|Bytes:28
12:22:09.2 (5661553)|VARIABLE_ASSIGNMENT|[5]|this.Chiffre_d_affaire__c|10000|0x69b24064
12:22:09.2 (5698370)|VARIABLE_SCOPE_BEGIN|[5]|acc|Account|true|false
12:22:09.2 (5756023)|VARIABLE_ASSIGNMENT|[5]|acc|{"Name":"Test Account","Chiffre_d_affaire__c":10000}|0x69b24064
12:22:09.2 (5765534)|STATEMENT_EXECUTE|[6]
12:22:09.2 (5804609)|HEAP_ALLOCATE|[6]|Bytes:8
12:22:09.2 (5828460)|DML_BEGIN|[6]|Op:Insert|Type:Account|Rows:1
12:22:09.2 (5877907)|HEAP_ALLOCATE|[EXTERNAL]|Bytes:8
12:22:09.2 (53143557)|DML_END|[6]
12:22:09.2 (53181485)|STATEMENT_EXECUTE|[8]
12:22:09.2 (55537600)|HEAP_ALLOCATE|[8]|Bytes:10
12:22:09.2 (55572140)|HEAP_ALLOCATE|[8]|Bytes:2
12:22:09.2 (55606240)|METHOD_ENTRY|[2]|01p0900000Ipxut|TestDataFactory.TestDataFactory()
12:22:09.2 (55625198)|STATEMENT_EXECUTE|[2]
12:22:09.2 (55634964)|STATEMENT_EXECUTE|[2]
12:22:09.2 (55646030)|METHOD_EXIT|[2]|TestDataFactory
12:22:09.2 (55716859)|METHOD_ENTRY|[8]|01p0900000Ipxut|TestDataFactory.createPriceBookEntry()
12:22:09.2 (55867715)|STATEMENT_EXECUTE|[14]
12:22:09.2 (55870859)|STATEMENT_EXECUTE|[15]
12:22:09.2 (55917228)|HEAP_ALLOCATE|[15]|Bytes:4
12:22:09.2 (56016963)|HEAP_ALLOCATE|[15]|Bytes:24
12:22:09.2 (56965933)|VARIABLE_ASSIGNMENT|[15]|this.Name|"Chemise Verte longue (4 more) ..."|0x224b2bf8
12:22:09.2 (56983148)|HEAP_ALLOCATE|[15]|Bytes:7
12:22:09.2 (57011755)|VARIABLE_ASSIGNMENT|[15]|this.Family|"Chemise"|0x224b2bf8
12:22:09.2 (57054205)|VARIABLE_SCOPE_BEGIN|[15]|product|Product2|true|false
12:22:09.2 (57082199)|VARIABLE_ASSIGNMENT|[15]|product|{"Name":"Chemise Verte longue (4 more) ...","Family":"Chemise"}|0x224b2bf8
12:22:09.2 (57090758)|STATEMENT_EXECUTE|[16]
12:22:09.2 (57162069)|HEAP_ALLOCATE|[16]|Bytes:8
12:22:09.2 (57191565)|DML_BEGIN|[16]|Op:Insert|Type:Product2|Rows:1
12:22:09.2 (57246703)|HEAP_ALLOCATE|[EXTERNAL]|Bytes:8
12:22:09.2 (83157229)|DML_END|[16]
12:22:09.2 (83196867)|STATEMENT_EXECUTE|[18]
12:22:09.2 (83240629)|HEAP_ALLOCATE|[18]|Bytes:4
12:22:09.2 (83445294)|HEAP_ALLOCATE|[19]|Bytes:74
12:22:09.2 (83475854)|SYSTEM_METHOD_ENTRY|[1]|Test.Test()
12:22:09.2 (83482824)|STATEMENT_EXECUTE|[1]
12:22:09.2 (83494762)|SYSTEM_METHOD_EXIT|[1]|Test
12:22:09.2 (83519201)|METHOD_ENTRY|[19]||System.Test.getStandardPricebookId()
12:22:09.2 (86063879)|METHOD_EXIT|[19]||System.Test.getStandardPricebookId()
12:22:09.2 (86963947)|VARIABLE_ASSIGNMENT|[18]|this.Pricebook2Id|"01s0900000CUUt8AAH"|0x5e801276
12:22:09.2 (87031148)|VARIABLE_ASSIGNMENT|[18]|this.Product2Id|"01t09000000nEM5AAM"|0x5e801276
12:22:09.2 (87063014)|HEAP_ALLOCATE|[18]|Bytes:28
12:22:09.2 (87088933)|VARIABLE_ASSIGNMENT|[18]|this.UnitPrice|1020|0x5e801276
12:22:09.2 (87112286)|VARIABLE_ASSIGNMENT|[18]|this.IsActive|true|0x5e801276
12:22:09.2 (87155695)|VARIABLE_SCOPE_BEGIN|[18]|pbe|PricebookEntry|true|false
12:22:09.2 (87186870)|VARIABLE_ASSIGNMENT|[18]|pbe|{"Pricebook2Id":"01s0900000CUUt8AAH","Product2Id":"01t09000000nEM5AAM","UnitPrice":1020,"IsActive":true}|0x5e801276
12:22:09.2 (87196214)|STATEMENT_EXECUTE|[24]
12:22:09.2 (87228988)|HEAP_ALLOCATE|[24]|Bytes:8
12:22:09.2 (87252200)|DML_BEGIN|[24]|Op:Insert|Type:PricebookEntry|Rows:1
12:22:09.2 (87299020)|HEAP_ALLOCATE|[EXTERNAL]|Bytes:8
12:22:09.2 (107645235)|DML_END|[24]
12:22:09.2 (107688141)|STATEMENT_EXECUTE|[25]
12:22:09.2 (107701476)|METHOD_EXIT|[8]|01p0900000Ipxut|TestDataFactory.createPriceBookEntry()
12:22:09.2 (107726409)|VARIABLE_SCOPE_BEGIN|[8]|pbe|PricebookEntry|true|false
12:22:09.2 (107777393)|VARIABLE_ASSIGNMENT|[8]|pbe|{"Pricebook2Id":"01s0900000CUUt8AAH","Product2Id":"01t09000000nEM5AAM","UnitPrice":1020,"IsActive":true,"Id":"01u09000000iE0MAAU"}|0x5e801276
12:22:09.2 (107785682)|STATEMENT_EXECUTE|[10]
12:22:09.2 (107881309)|METHOD_ENTRY|[10]|01p0900000Ipxut|TestDataFactory.createOrder(Id, Boolean)
12:22:09.2 (107991448)|VARIABLE_SCOPE_BEGIN|[29]|accountId|Id|false|false
12:22:09.2 (108151485)|VARIABLE_ASSIGNMENT|[29]|accountId|"0010900000VQLQRAA5"
12:22:09.2 (108174019)|VARIABLE_SCOPE_BEGIN|[29]|doInsert|Boolean|false|false
12:22:09.2 (108192673)|VARIABLE_ASSIGNMENT|[29]|doInsert|true
12:22:09.2 (108231475)|STATEMENT_EXECUTE|[29]
12:22:09.2 (108234638)|STATEMENT_EXECUTE|[30]
12:22:09.2 (108265038)|HEAP_ALLOCATE|[30]|Bytes:4
12:22:09.2 (109965857)|VARIABLE_ASSIGNMENT|[30]|this.AccountId|"0010900000VQLQRAA5"|0x20040eeb
12:22:09.2 (109996118)|METHOD_ENTRY|[32]||System.Test.getStandardPricebookId()
12:22:09.2 (110451978)|METHOD_EXIT|[32]||System.Test.getStandardPricebookId()
12:22:09.2 (110529186)|VARIABLE_ASSIGNMENT|[30]|this.Pricebook2Id|"01s0900000CUUt8AAH"|0x20040eeb
12:22:09.2 (110539246)|HEAP_ALLOCATE|[33]|Bytes:5
12:22:09.2 (110573041)|VARIABLE_ASSIGNMENT|[30]|this.Status|"draft"|0x20040eeb
12:22:09.2 (110659412)|HEAP_ALLOCATE|[34]|Bytes:4
12:22:09.2 (110713159)|VARIABLE_ASSIGNMENT|[30]|this.EffectiveDate|"2021-06-28T00:00:00.000Z"|0x20040eeb
12:22:09.2 (110751370)|VARIABLE_SCOPE_BEGIN|[30]|newOrder|Order|true|false
12:22:09.2 (110781871)|VARIABLE_ASSIGNMENT|[30]|newOrder|{"AccountId":"0010900000VQLQRAA5","Pricebook2Id":"01s0900000CUUt8AAH","Status":"draft","EffectiveDate":"2021-06-28T00:00:00.000Z"}|0x20040eeb
12:22:09.2 (110794180)|STATEMENT_EXECUTE|[36]
12:22:09.2 (110796691)|STATEMENT_EXECUTE|[37]
12:22:09.2 (110817190)|HEAP_ALLOCATE|[37]|Bytes:8
12:22:09.2 (110839045)|DML_BEGIN|[37]|Op:Insert|Type:Order|Rows:1
12:22:09.2 (110881716)|HEAP_ALLOCATE|[EXTERNAL]|Bytes:8
12:22:09.2 (137885619)|DML_END|[37]
12:22:09.2 (137925356)|STATEMENT_EXECUTE|[39]
12:22:09.2 (137943870)|METHOD_EXIT|[10]|01p0900000Ipxut|TestDataFactory.createOrder(Id, Boolean)
12:22:09.2 (137969697)|VARIABLE_SCOPE_BEGIN|[10]|newOrder|Order|true|false
12:22:09.2 (138032463)|VARIABLE_ASSIGNMENT|[10]|newOrder|{"AccountId":"0010900000VQLQRAA5","Pricebook2Id":"01s0900000CUUt8AAH","Status":"draft","EffectiveDate":"2021-06-28T00:00:00.000Z","Id":"80109000002ZWoTAAW"}|0x20040eeb
12:22:09.2 (138041492)|STATEMENT_EXECUTE|[12]
12:22:09.2 (138138648)|HEAP_ALLOCATE|[12]|Bytes:4
12:22:09.2 (139341249)|VARIABLE_ASSIGNMENT|[12]|this.OrderId|"80109000002ZWoTAAW"|0x9ee6557
12:22:09.2 (139801733)|VARIABLE_ASSIGNMENT|[12]|this.PricebookEntryId|"01u09000000iE0MAAU"|0x9ee6557
12:22:09.2 (139853832)|HEAP_ALLOCATE|[12]|Bytes:28
12:22:09.2 (139861502)|HEAP_ALLOCATE|[12]|Bytes:28
12:22:09.2 (139888010)|VARIABLE_ASSIGNMENT|[12]|this.Quantity|10|0x9ee6557
12:22:09.2 (139898719)|HEAP_ALLOCATE|[12]|Bytes:28
12:22:09.2 (139916392)|VARIABLE_ASSIGNMENT|[12]|this.UnitPrice|150|0x9ee6557
12:22:09.2 (139955367)|VARIABLE_SCOPE_BEGIN|[12]|item|OrderItem|true|false
12:22:09.2 (139981822)|VARIABLE_ASSIGNMENT|[12]|item|{"OrderId":"80109000002ZWoTAAW","PricebookEntryId":"01u09000000iE0MAAU","Quantity":10,"UnitPrice":150}|0x9ee6557
12:22:09.2 (139991496)|STATEMENT_EXECUTE|[13]
12:22:09.2 (140024257)|HEAP_ALLOCATE|[13]|Bytes:8
12:22:09.2 (140048068)|DML_BEGIN|[13]|Op:Insert|Type:OrderItem|Rows:1
12:22:09.2 (140092746)|HEAP_ALLOCATE|[EXTERNAL]|Bytes:8
12:22:09.2 (200450320)|CODE_UNIT_STARTED|[EXTERNAL]|Workflow:Order
12:22:09.2 (201266976)|CODE_UNIT_FINISHED|Workflow:Order
12:22:09.2 (206484841)|DML_END|[13]
12:22:09.206 (206567202)|CUMULATIVE_LIMIT_USAGE
12:22:09.206 (206567202)|LIMIT_USAGE_FOR_NS|(default)|
  Number of SOQL queries: 0 out of 100
  Number of query rows: 0 out of 50000
  Number of SOSL queries: 0 out of 20
  Number of DML statements: 5 out of 150
  Number of Publish Immediate DML: 0 out of 150
  Number of DML rows: 5 out of 10000
  Maximum CPU time: 0 out of 10000
  Maximum heap size: 0 out of 6000000
  Number of callouts: 0 out of 100
  Number of Email Invocations: 0 out of 10
  Number of future calls: 0 out of 50
  Number of queueable jobs added to the queue: 0 out of 50
  Number of Mobile Apex push calls: 0 out of 10

12:22:09.206 (206567202)|CUMULATIVE_LIMIT_USAGE_END

12:22:09.2 (206664138)|CODE_UNIT_FINISHED|TestAccounts.dataCreation()
12:22:09.2 (206682425)|EXECUTION_FINISHED
12:22:09.215 (215276115)|USER_INFO|[EXTERNAL]|00509000006mONW|c.delfino@resilient-otter-1prld4.com|(GMT+02:00) Central European Summer Time (Europe/Paris)|GMT+02:00
12:22:09.215 (215305163)|EXECUTION_STARTED
12:22:09.215 (215310829)|CODE_UNIT_STARTED|[EXTERNAL]|01p0900000KFwVU|TestAccounts.updateOneAccountCA()
12:22:09.215 (215472272)|HEAP_ALLOCATE|[79]|Bytes:3
12:22:09.215 (215516419)|HEAP_ALLOCATE|[84]|Bytes:152
12:22:09.215 (215531858)|HEAP_ALLOCATE|[399]|Bytes:408
12:22:09.215 (215560004)|HEAP_ALLOCATE|[412]|Bytes:408
12:22:09.215 (215575521)|HEAP_ALLOCATE|[520]|Bytes:48
12:22:09.215 (215600662)|HEAP_ALLOCATE|[139]|Bytes:6
12:22:09.215 (215615722)|HEAP_ALLOCATE|[EXTERNAL]|Bytes:23
12:22:09.215 (215630947)|METHOD_ENTRY|[1]|01p0900000KFwVU|TestAccounts.TestAccounts()
12:22:09.215 (215640083)|STATEMENT_EXECUTE|[1]
12:22:09.215 (215645567)|STATEMENT_EXECUTE|[1]
12:22:09.215 (215651539)|METHOD_EXIT|[1]|TestAccounts
12:22:09.215 (215676448)|HEAP_ALLOCATE|[52]|Bytes:5
12:22:09.215 (215700131)|HEAP_ALLOCATE|[58]|Bytes:5
12:22:09.215 (215708306)|HEAP_ALLOCATE|[66]|Bytes:7
12:22:09.215 (215745729)|STATEMENT_EXECUTE|[16]
12:22:09.215 (215748098)|STATEMENT_EXECUTE|[18]
12:22:09.215 (215750742)|HEAP_ALLOCATE|[18]|Bytes:58
12:22:09.215 (215773444)|HEAP_ALLOCATE|[18]|Bytes:4
12:22:09.215 (216114965)|SOQL_EXECUTE_BEGIN|[18]|Aggregations:0|SELECT Id FROM Account WHERE Name = 'Test Account' LIMIT 1
12:22:09.215 (224399444)|SOQL_EXECUTE_END|[18]|Rows:1
12:22:09.215 (224449276)|HEAP_ALLOCATE|[18]|Bytes:8
12:22:09.215 (224491726)|HEAP_ALLOCATE|[18]|Bytes:29
12:22:09.215 (224637363)|HEAP_ALLOCATE|[18]|Bytes:8
12:22:09.215 (224659831)|HEAP_ALLOCATE|[18]|Bytes:33
12:22:09.215 (224761881)|HEAP_ALLOCATE|[18]|Bytes:8
12:22:09.215 (224775786)|VARIABLE_SCOPE_BEGIN|[18]|acc|Account|true|false
12:22:09.215 (224837417)|VARIABLE_ASSIGNMENT|[18]|acc|{"Id":"0010900000VQLQRAA5"}|0x1abd04d
12:22:09.215 (224848937)|STATEMENT_EXECUTE|[19]
12:22:09.215 (224852699)|HEAP_ALLOCATE|[19]|Bytes:47
12:22:09.215 (224872421)|HEAP_ALLOCATE|[19]|Bytes:4
12:22:09.215 (224882020)|HEAP_ALLOCATE|[19]|Bytes:7
12:22:09.215 (225205102)|SOQL_EXECUTE_BEGIN|[19]|Aggregations:0|SELECT Id FROM Order WHERE AccountId = :tmpVar1
12:22:09.215 (235570761)|SOQL_EXECUTE_END|[19]|Rows:1
12:22:09.215 (235613193)|HEAP_ALLOCATE|[19]|Bytes:8
12:22:09.215 (235659982)|HEAP_ALLOCATE|[19]|Bytes:29
12:22:09.215 (235745620)|HEAP_ALLOCATE|[19]|Bytes:8
12:22:09.215 (235768027)|HEAP_ALLOCATE|[19]|Bytes:31
12:22:09.215 (235844164)|HEAP_ALLOCATE|[19]|Bytes:8
12:22:09.215 (235857937)|VARIABLE_SCOPE_BEGIN|[19]|newOrder|Order|true|false
12:22:09.215 (235897063)|VARIABLE_ASSIGNMENT|[19]|newOrder|{"Id":"80109000002ZWoTAAW"}|0x7a561e0
12:22:09.215 (235909076)|STATEMENT_EXECUTE|[22]
12:22:09.215 (235923381)|HEAP_ALLOCATE|[22]|Bytes:4
12:22:09.215 (236051600)|VARIABLE_SCOPE_BEGIN|[22]|accs|List<Account>|true|false
12:22:09.215 (236066707)|HEAP_ALLOCATE|[EXTERNAL]|Bytes:8
12:22:09.215 (236083957)|VARIABLE_ASSIGNMENT|[22]|accs|[{"Id":"0010900000VQLQRAA5"}]|0x5f866bb7
12:22:09.215 (236090795)|STATEMENT_EXECUTE|[25]
12:22:09.215 (236109052)|HEAP_ALLOCATE|[25]|Bytes:74
12:22:09.215 (236128984)|SYSTEM_METHOD_ENTRY|[1]|Test.Test()
12:22:09.215 (236134259)|STATEMENT_EXECUTE|[1]
12:22:09.215 (236148729)|SYSTEM_METHOD_EXIT|[1]|Test
12:22:09.215 (236175152)|METHOD_ENTRY|[25]||System.Test.startTest()
12:22:09.215 (237607855)|METHOD_EXIT|[25]||System.Test.startTest()
12:22:09.215 (237624991)|STATEMENT_EXECUTE|[26]
12:22:09.215 (239381296)|HEAP_ALLOCATE|[26]|Bytes:22
12:22:09.215 (239398283)|HEAP_ALLOCATE|[26]|Bytes:1
12:22:09.215 (239426902)|METHOD_ENTRY|[1]|01p0900000IsclI|Accounts.Accounts()
12:22:09.215 (239437614)|STATEMENT_EXECUTE|[1]
12:22:09.215 (239445636)|STATEMENT_EXECUTE|[1]
12:22:09.215 (239938807)|SYSTEM_MODE_ENTER|false
12:22:09.215 (239972706)|HEAP_ALLOCATE|[26]|Bytes:5
12:22:09.215 (239986141)|STATEMENT_EXECUTE|[27]
12:22:09.215 (239992425)|SYSTEM_MODE_EXIT|false
12:22:09.215 (240008815)|METHOD_EXIT|[1]|Accounts
12:22:09.215 (240050302)|METHOD_ENTRY|[26]|01p0900000IsclI|Accounts.updateAccountCA(List<Account>)
12:22:09.215 (240084941)|VARIABLE_SCOPE_BEGIN|[3]|accsToUpdate|List<Account>|true|false
12:22:09.215 (240121277)|VARIABLE_ASSIGNMENT|[3]|accsToUpdate|[{"Id":"0010900000VQLQRAA5"}]|0x5f866bb7
12:22:09.215 (240144129)|SYSTEM_MODE_ENTER|false
12:22:09.215 (240150856)|HEAP_ALLOCATE|[5]|Bytes:5
12:22:09.215 (240157214)|STATEMENT_EXECUTE|[3]
12:22:09.215 (240208624)|STATEMENT_EXECUTE|[7]
12:22:09.215 (240210877)|STATEMENT_EXECUTE|[9]
12:22:09.215 (243270431)|HEAP_ALLOCATE|[9]|Bytes:22
12:22:09.215 (243287323)|HEAP_ALLOCATE|[9]|Bytes:1
12:22:09.215 (243325081)|METHOD_ENTRY|[1]|01p0900000IsclJ|OrdersSelector.OrdersSelector()
12:22:09.215 (243333575)|STATEMENT_EXECUTE|[1]
12:22:09.215 (243339300)|STATEMENT_EXECUTE|[1]
12:22:09.215 (243350009)|HEAP_ALLOCATE|[9]|Bytes:5
12:22:09.215 (243353858)|STATEMENT_EXECUTE|[13]
12:22:09.215 (243362328)|METHOD_EXIT|[1]|OrdersSelector
12:22:09.215 (243388917)|METHOD_ENTRY|[9]|01p0900000IsclJ|OrdersSelector.selectOrdersFromAccounts(List<Account>)
12:22:09.215 (243419607)|VARIABLE_SCOPE_BEGIN|[4]|accList|List<Account>|true|false
12:22:09.215 (243462068)|VARIABLE_ASSIGNMENT|[4]|accList|[{"Id":"0010900000VQLQRAA5"}]|0x5f866bb7
12:22:09.215 (243480753)|HEAP_ALLOCATE|[5]|Bytes:5
12:22:09.215 (243485530)|STATEMENT_EXECUTE|[4]
12:22:09.215 (243530246)|STATEMENT_EXECUTE|[7]
12:22:09.215 (243532245)|STATEMENT_EXECUTE|[8]
12:22:09.215 (243536428)|HEAP_ALLOCATE|[8]|Bytes:72
12:22:09.215 (243577688)|HEAP_ALLOCATE|[8]|Bytes:4
12:22:09.215 (244024906)|SOQL_EXECUTE_BEGIN|[8]|Aggregations:0|SELECT Id, TotalAmount, AccountId FROM Order WHERE AccountId IN :tmpVar1
12:22:09.215 (249801854)|SOQL_EXECUTE_END|[8]|Rows:1
12:22:09.215 (249845405)|HEAP_ALLOCATE|[8]|Bytes:8
12:22:09.215 (249888901)|HEAP_ALLOCATE|[8]|Bytes:111
12:22:09.215 (249928740)|HEAP_ALLOCATE|[8]|Bytes:8
12:22:09.215 (249949125)|VARIABLE_SCOPE_BEGIN|[8]|listOrders|List<Order>|true|false
12:22:09.215 (249992218)|VARIABLE_ASSIGNMENT|[8]|listOrders|[{"Id":"80109000002ZWoTAAW","TotalAmount":1500.00,"AccountId":"0010900000VQLQRAA5"}]|0x36c844a4
12:22:09.215 (250002960)|STATEMENT_EXECUTE|[10]
12:22:09.215 (250019375)|METHOD_EXIT|[9]|01p0900000IsclJ|OrdersSelector.selectOrdersFromAccounts(List<Account>)
12:22:09.215 (250028029)|VARIABLE_SCOPE_BEGIN|[9]|accOrders|List<Order>|true|false
12:22:09.215 (250043406)|VARIABLE_ASSIGNMENT|[9]|accOrders|[{"Id":"80109000002ZWoTAAW","TotalAmount":1500.00,"AccountId":"0010900000VQLQRAA5"}]|0x36c844a4
12:22:09.215 (250050263)|STATEMENT_EXECUTE|[11]
12:22:09.215 (250062995)|HEAP_ALLOCATE|[11]|Bytes:4
12:22:09.215 (250103442)|VARIABLE_SCOPE_BEGIN|[11]|updatedAccs|List<Account>|true|false
12:22:09.215 (250113369)|HEAP_ALLOCATE|[EXTERNAL]|Bytes:4
12:22:09.215 (250121060)|VARIABLE_ASSIGNMENT|[11]|updatedAccs|[]|0x5b18b1e3
12:22:09.215 (250296743)|HEAP_ALLOCATE|[13]|Bytes:5
12:22:09.215 (250347120)|HEAP_ALLOCATE|[13]|Bytes:8
12:22:09.215 (250358845)|VARIABLE_SCOPE_BEGIN|[13]|acc|Account|true|false
12:22:09.215 (250376670)|VARIABLE_ASSIGNMENT|[13]|acc|{"Id":"0010900000VQLQRAA5"}|0x1abd04d
12:22:09.215 (250386012)|STATEMENT_EXECUTE|[13]
12:22:09.215 (250450291)|HEAP_ALLOCATE|[14]|Bytes:5
12:22:09.215 (250463020)|HEAP_ALLOCATE|[14]|Bytes:16
12:22:09.215 (250469975)|VARIABLE_SCOPE_BEGIN|[14]|order|Order|true|false
12:22:09.215 (250487253)|VARIABLE_ASSIGNMENT|[14]|order|{"Id":"80109000002ZWoTAAW","TotalAmount":1500.00,"AccountId":"0010900000VQLQRAA5"}|0x6f8c0a77
12:22:09.215 (250494868)|STATEMENT_EXECUTE|[14]
12:22:09.215 (250629589)|STATEMENT_EXECUTE|[15]
12:22:09.215 (250936078)|HEAP_ALLOCATE|[15]|Bytes:5
12:22:09.215 (300388176)|HEAP_DUMP|[16]|07n09000000wmyE|Accounts|none|16
12:22:09.215 (300423077)|STATEMENT_EXECUTE|[16]
12:22:09.215 (300487449)|EXCEPTION_THROWN|[16]|System.SObjectException: SObject row was retrieved via SOQL without querying the requested field: Account.Chiffre_d_affaire__c
12:22:09.215 (300574034)|HEAP_ALLOCATE|[16]|Bytes:105
12:22:09.215 (300609985)|SYSTEM_MODE_EXIT|false
12:22:09.215 (300632185)|METHOD_EXIT|[26]|01p0900000IsclI|Accounts.updateAccountCA(List<Account>)
12:22:09.215 (300754526)|FATAL_ERROR|System.SObjectException: SObject row was retrieved via SOQL without querying the requested field: Account.Chiffre_d_affaire__c

Class.Accounts.updateAccountCA: line 16, column 1
Class.TestAccounts.updateOneAccountCA: line 26, column 1
12:22:09.215 (300768928)|FATAL_ERROR|System.SObjectException: SObject row was retrieved via SOQL without querying the requested field: Account.Chiffre_d_affaire__c

Class.Accounts.updateAccountCA: line 16, column 1
Class.TestAccounts.updateOneAccountCA: line 26, column 1
12:22:09.300 (300780526)|CUMULATIVE_LIMIT_USAGE
12:22:09.300 (300780526)|LIMIT_USAGE_FOR_NS|(default)|
  Number of SOQL queries: 2 out of 100
  Number of query rows: 2 out of 50000
  Number of SOSL queries: 0 out of 20
  Number of DML statements: 5 out of 150
  Number of Publish Immediate DML: 0 out of 150
  Number of DML rows: 5 out of 10000
  Maximum CPU time: 0 out of 10000
  Maximum heap size: 0 out of 6000000
  Number of callouts: 0 out of 100
  Number of Email Invocations: 0 out of 10
  Number of future calls: 0 out of 50
  Number of queueable jobs added to the queue: 0 out of 50
  Number of Mobile Apex push calls: 0 out of 10

12:22:09.300 (300780526)|TESTING_LIMITS
12:22:09.300 (300780526)|LIMIT_USAGE_FOR_NS|(default)|
  Number of SOQL queries: 1 out of 100
  Number of query rows: 1 out of 50000
  Number of SOSL queries: 0 out of 20
  Number of DML statements: 0 out of 150
  Number of Publish Immediate DML: 0 out of 150
  Number of DML rows: 0 out of 10000
  Maximum CPU time: 0 out of 10000
  Maximum heap size: 0 out of 6000000
  Number of callouts: 0 out of 100
  Number of Email Invocations: 0 out of 10
  Number of future calls: 0 out of 50
  Number of queueable jobs added to the queue: 0 out of 50
  Number of Mobile Apex push calls: 0 out of 10

12:22:09.300 (300780526)|CUMULATIVE_LIMIT_USAGE_END

12:22:09.215 (300852992)|CODE_UNIT_FINISHED|TestAccounts.updateOneAccountCA()
12:22:09.215 (300862106)|EXECUTION_FINISHED
