51.0 APEX_CODE,FINEST;APEX_PROFILING,INFO;CALLOUT,INFO;DB,INFO;NBA,INFO;SYSTEM,DEBUG;VALIDATION,INFO;VISUALFORCE,FINER;WAVE,INFO;WORKFLOW,INFO
16:17:20.2 (2518739)|USER_INFO|[EXTERNAL]|00509000006mONW|c.delfino@resilient-otter-1prld4.com|(GMT+02:00) Central European Summer Time (Europe/Paris)|GMT+02:00
16:17:20.2 (2612628)|EXECUTION_STARTED
16:17:20.2 (2629513)|CODE_UNIT_STARTED|[EXTERNAL]|01p0900000IpxJZ|TestUpdateAccountCA.dataCreation()
16:17:20.2 (3587407)|HEAP_ALLOCATE|[79]|Bytes:3
16:17:20.2 (3690113)|HEAP_ALLOCATE|[84]|Bytes:152
16:17:20.2 (3716991)|HEAP_ALLOCATE|[399]|Bytes:408
16:17:20.2 (3743724)|HEAP_ALLOCATE|[412]|Bytes:408
16:17:20.2 (3767886)|HEAP_ALLOCATE|[520]|Bytes:48
16:17:20.2 (3808517)|HEAP_ALLOCATE|[139]|Bytes:6
16:17:20.2 (3834575)|HEAP_ALLOCATE|[EXTERNAL]|Bytes:23
16:17:20.2 (3862719)|METHOD_ENTRY|[1]|01p0900000IpxJZ|TestUpdateAccountCA.TestUpdateAccountCA()
16:17:20.2 (3878875)|STATEMENT_EXECUTE|[1]
16:17:20.2 (3893792)|STATEMENT_EXECUTE|[1]
16:17:20.2 (3901808)|METHOD_EXIT|[1]|TestUpdateAccountCA
16:17:20.2 (3946616)|HEAP_ALLOCATE|[52]|Bytes:5
16:17:20.2 (3991080)|HEAP_ALLOCATE|[58]|Bytes:5
16:17:20.2 (4005349)|HEAP_ALLOCATE|[66]|Bytes:7
16:17:20.2 (4064294)|STATEMENT_EXECUTE|[3]
16:17:20.2 (4067582)|STATEMENT_EXECUTE|[5]
16:17:20.2 (4152576)|HEAP_ALLOCATE|[5]|Bytes:4
16:17:20.2 (4264617)|HEAP_ALLOCATE|[5]|Bytes:12
16:17:20.2 (5346224)|VARIABLE_ASSIGNMENT|[5]|this.Name|"Test Account"|0x6fe8fbe8
16:17:20.2 (5413871)|HEAP_ALLOCATE|[5]|Bytes:28
16:17:20.2 (5473103)|VARIABLE_ASSIGNMENT|[5]|this.Chiffre_d_affaire__c|10000|0x6fe8fbe8
16:17:20.2 (5527818)|VARIABLE_SCOPE_BEGIN|[5]|acc|Account|true|false
16:17:20.2 (5576556)|VARIABLE_ASSIGNMENT|[5]|acc|{"Name":"Test Account","Chiffre_d_affaire__c":10000}|0x6fe8fbe8
16:17:20.2 (5587177)|STATEMENT_EXECUTE|[6]
16:17:20.2 (5639709)|HEAP_ALLOCATE|[6]|Bytes:8
16:17:20.2 (5683893)|DML_BEGIN|[6]|Op:Insert|Type:Account|Rows:1
16:17:20.2 (5743283)|HEAP_ALLOCATE|[EXTERNAL]|Bytes:8
16:17:20.2 (60773800)|DML_END|[6]
16:17:20.2 (60810856)|STATEMENT_EXECUTE|[8]
16:17:20.2 (62016882)|HEAP_ALLOCATE|[8]|Bytes:4
16:17:20.2 (62076725)|METHOD_ENTRY|[2]|01p0900000Ipxut|TestDataFactory.TestDataFactory()
16:17:20.2 (62090569)|STATEMENT_EXECUTE|[2]
16:17:20.2 (62097672)|STATEMENT_EXECUTE|[2]
16:17:20.2 (62106617)|METHOD_EXIT|[2]|TestDataFactory
16:17:20.2 (62155131)|METHOD_ENTRY|[8]|01p0900000Ipxut|TestDataFactory.createPriceBookEntry()
16:17:20.2 (62368138)|STATEMENT_EXECUTE|[5]
16:17:20.2 (62373020)|STATEMENT_EXECUTE|[6]
16:17:20.2 (62437830)|HEAP_ALLOCATE|[6]|Bytes:4
16:17:20.2 (62576942)|HEAP_ALLOCATE|[6]|Bytes:24
16:17:20.2 (63324793)|VARIABLE_ASSIGNMENT|[6]|this.Name|"Chemise Verte longue (4 more) ..."|0x6ec23cb0
16:17:20.2 (63348156)|HEAP_ALLOCATE|[6]|Bytes:7
16:17:20.2 (63390388)|VARIABLE_ASSIGNMENT|[6]|this.Family|"Chemise"|0x6ec23cb0
16:17:20.2 (63436853)|VARIABLE_SCOPE_BEGIN|[6]|product|Product2|true|false
16:17:20.2 (63472946)|VARIABLE_ASSIGNMENT|[6]|product|{"Name":"Chemise Verte longue (4 more) ...","Family":"Chemise"}|0x6ec23cb0
16:17:20.2 (63482896)|STATEMENT_EXECUTE|[7]
16:17:20.2 (63547748)|HEAP_ALLOCATE|[7]|Bytes:8
16:17:20.2 (63569246)|DML_BEGIN|[7]|Op:Insert|Type:Product2|Rows:1
16:17:20.2 (63614931)|HEAP_ALLOCATE|[EXTERNAL]|Bytes:8
16:17:20.2 (87142074)|DML_END|[7]
16:17:20.2 (87176056)|STATEMENT_EXECUTE|[9]
16:17:20.2 (87223452)|HEAP_ALLOCATE|[9]|Bytes:4
16:17:20.2 (87405324)|HEAP_ALLOCATE|[10]|Bytes:74
16:17:20.2 (87434174)|SYSTEM_METHOD_ENTRY|[1]|Test.Test()
16:17:20.2 (87442772)|STATEMENT_EXECUTE|[1]
16:17:20.2 (87453846)|SYSTEM_METHOD_EXIT|[1]|Test
16:17:20.2 (87486010)|METHOD_ENTRY|[10]||System.Test.getStandardPricebookId()
16:17:20.2 (89569789)|METHOD_EXIT|[10]||System.Test.getStandardPricebookId()
16:17:20.2 (90094926)|VARIABLE_ASSIGNMENT|[9]|this.Pricebook2Id|"01s0900000CUUt8AAH"|0x6c232e63
16:17:20.2 (90161522)|VARIABLE_ASSIGNMENT|[9]|this.Product2Id|"01t09000000n5o0AAA"|0x6c232e63
16:17:20.2 (90186540)|HEAP_ALLOCATE|[9]|Bytes:28
16:17:20.2 (90220879)|VARIABLE_ASSIGNMENT|[9]|this.UnitPrice|1020|0x6c232e63
16:17:20.2 (90240214)|VARIABLE_ASSIGNMENT|[9]|this.IsActive|true|0x6c232e63
16:17:20.2 (90277894)|VARIABLE_SCOPE_BEGIN|[9]|pbe|PricebookEntry|true|false
16:17:20.2 (90305214)|VARIABLE_ASSIGNMENT|[9]|pbe|{"Pricebook2Id":"01s0900000CUUt8AAH","Product2Id":"01t09000000n5o0AAA","UnitPrice":1020,"IsActive":true}|0x6c232e63
16:17:20.2 (90312187)|STATEMENT_EXECUTE|[15]
16:17:20.2 (90341980)|HEAP_ALLOCATE|[15]|Bytes:8
16:17:20.2 (90358916)|DML_BEGIN|[15]|Op:Insert|Type:PricebookEntry|Rows:1
16:17:20.2 (90395128)|HEAP_ALLOCATE|[EXTERNAL]|Bytes:8
16:17:20.2 (112342456)|DML_END|[15]
16:17:20.2 (112379534)|STATEMENT_EXECUTE|[16]
16:17:20.2 (112401571)|METHOD_EXIT|[8]|01p0900000Ipxut|TestDataFactory.createPriceBookEntry()
16:17:20.2 (112432065)|VARIABLE_SCOPE_BEGIN|[8]|pbe|PricebookEntry|true|false
16:17:20.2 (112491986)|VARIABLE_ASSIGNMENT|[8]|pbe|{"Pricebook2Id":"01s0900000CUUt8AAH","Product2Id":"01t09000000n5o0AAA","UnitPrice":1020,"IsActive":true,"Id":"01u09000000i7etAAA"}|0x6c232e63
16:17:20.2 (112502475)|STATEMENT_EXECUTE|[10]
16:17:20.2 (112577036)|METHOD_ENTRY|[10]|01p0900000Ipxut|TestDataFactory.createOrder(Id)
16:17:20.2 (112699194)|VARIABLE_SCOPE_BEGIN|[20]|accountId|Id|false|false
16:17:20.2 (113016457)|VARIABLE_ASSIGNMENT|[20]|accountId|"0010900000Qv7YKAAZ"
16:17:20.2 (113069913)|STATEMENT_EXECUTE|[20]
16:17:20.2 (113073139)|STATEMENT_EXECUTE|[21]
16:17:20.2 (113112081)|HEAP_ALLOCATE|[21]|Bytes:4
16:17:20.2 (114109117)|VARIABLE_ASSIGNMENT|[21]|this.AccountId|"0010900000Qv7YKAAZ"|0x730b797c
16:17:20.2 (114141756)|METHOD_ENTRY|[23]||System.Test.getStandardPricebookId()
16:17:20.2 (114804198)|METHOD_EXIT|[23]||System.Test.getStandardPricebookId()
16:17:20.2 (114892548)|VARIABLE_ASSIGNMENT|[21]|this.Pricebook2Id|"01s0900000CUUt8AAH"|0x730b797c
16:17:20.2 (114908716)|HEAP_ALLOCATE|[24]|Bytes:5
16:17:20.2 (114945553)|VARIABLE_ASSIGNMENT|[21]|this.Status|"draft"|0x730b797c
16:17:20.2 (115054848)|HEAP_ALLOCATE|[25]|Bytes:4
16:17:20.2 (115138349)|VARIABLE_ASSIGNMENT|[21]|this.EffectiveDate|"2021-06-14T00:00:00.000Z"|0x730b797c
16:17:20.2 (115187103)|VARIABLE_SCOPE_BEGIN|[21]|newOrder|Order|true|false
16:17:20.2 (115240946)|VARIABLE_ASSIGNMENT|[21]|newOrder|{"AccountId":"0010900000Qv7YKAAZ","Pricebook2Id":"01s0900000CUUt8AAH","Status":"draft","EffectiveDate":"2021-06-14T00:00:00.000Z"}|0x730b797c
16:17:20.2 (115251680)|STATEMENT_EXECUTE|[27]
16:17:20.2 (115283342)|HEAP_ALLOCATE|[27]|Bytes:8
16:17:20.2 (115304168)|DML_BEGIN|[27]|Op:Insert|Type:Order|Rows:1
16:17:20.2 (115353994)|HEAP_ALLOCATE|[EXTERNAL]|Bytes:8
16:17:20.2 (161342293)|DML_END|[27]
16:17:20.2 (161379815)|STATEMENT_EXECUTE|[28]
16:17:20.2 (161402757)|METHOD_EXIT|[10]|01p0900000Ipxut|TestDataFactory.createOrder(Id)
16:17:20.2 (161437760)|VARIABLE_SCOPE_BEGIN|[10]|newOrder|Order|true|false
16:17:20.2 (161520903)|VARIABLE_ASSIGNMENT|[10]|newOrder|{"AccountId":"0010900000Qv7YKAAZ","Pricebook2Id":"01s0900000CUUt8AAH","Status":"draft","EffectiveDate":"2021-06-14T00:00:00.000Z","Id":"80109000000KSpDAAW"}|0x730b797c
16:17:20.2 (161531177)|STATEMENT_EXECUTE|[12]
16:17:20.2 (161638140)|HEAP_ALLOCATE|[12]|Bytes:4
16:17:20.2 (162617919)|VARIABLE_ASSIGNMENT|[12]|this.OrderId|"80109000000KSpDAAW"|0x5e01c422
16:17:20.2 (162691645)|VARIABLE_ASSIGNMENT|[12]|this.PricebookEntryId|"01u09000000i7etAAA"|0x5e01c422
16:17:20.2 (162738640)|HEAP_ALLOCATE|[12]|Bytes:28
16:17:20.2 (162747459)|HEAP_ALLOCATE|[12]|Bytes:28
16:17:20.2 (162780904)|VARIABLE_ASSIGNMENT|[12]|this.Quantity|10|0x5e01c422
16:17:20.2 (162795957)|HEAP_ALLOCATE|[12]|Bytes:28
16:17:20.2 (162820772)|VARIABLE_ASSIGNMENT|[12]|this.UnitPrice|150|0x5e01c422
16:17:20.2 (162863127)|VARIABLE_SCOPE_BEGIN|[12]|item|OrderItem|true|false
16:17:20.2 (162894801)|VARIABLE_ASSIGNMENT|[12]|item|{"OrderId":"80109000000KSpDAAW","PricebookEntryId":"01u09000000i7etAAA","Quantity":10,"UnitPrice":150}|0x5e01c422
16:17:20.2 (162904068)|STATEMENT_EXECUTE|[13]
16:17:20.2 (162941326)|HEAP_ALLOCATE|[13]|Bytes:8
16:17:20.2 (162961167)|DML_BEGIN|[13]|Op:Insert|Type:OrderItem|Rows:1
16:17:20.2 (163013853)|HEAP_ALLOCATE|[EXTERNAL]|Bytes:8
16:17:20.2 (215703628)|CODE_UNIT_STARTED|[EXTERNAL]|Workflow:Order
16:17:20.2 (216282020)|CODE_UNIT_FINISHED|Workflow:Order
16:17:20.2 (221573186)|DML_END|[13]
16:17:20.221 (221647223)|CUMULATIVE_LIMIT_USAGE
16:17:20.221 (221647223)|LIMIT_USAGE_FOR_NS|(default)|
  Number of SOQL queries: 0 out of 100
  Number of query rows: 0 out of 50000
  Number of SOSL queries: 0 out of 20
  Number of DML statements: 5 out of 150
  Number of Publish Immediate DML: 0 out of 150
  Number of DML rows: 5 out of 10000
  Maximum CPU time: 0 out of 10000
  Maximum heap size: 0 out of 6000000
  Number of callouts: 0 out of 100
  Number of Email Invocations: 0 out of 10
  Number of future calls: 0 out of 50
  Number of queueable jobs added to the queue: 0 out of 50
  Number of Mobile Apex push calls: 0 out of 10

16:17:20.221 (221647223)|CUMULATIVE_LIMIT_USAGE_END

16:17:20.2 (221754069)|CODE_UNIT_FINISHED|TestUpdateAccountCA.dataCreation()
16:17:20.2 (221778398)|EXECUTION_FINISHED
16:17:20.305 (305406519)|USER_INFO|[EXTERNAL]|00509000006mONW|c.delfino@resilient-otter-1prld4.com|(GMT+02:00) Central European Summer Time (Europe/Paris)|GMT+02:00
16:17:20.305 (305437874)|EXECUTION_STARTED
16:17:20.305 (305446413)|CODE_UNIT_STARTED|[EXTERNAL]|01p0900000IpxJZ|TestUpdateAccountCA.updateAccountWithOneOrder()
16:17:20.305 (305631932)|HEAP_ALLOCATE|[79]|Bytes:3
16:17:20.305 (305679219)|HEAP_ALLOCATE|[84]|Bytes:152
16:17:20.305 (305700545)|HEAP_ALLOCATE|[399]|Bytes:408
16:17:20.305 (305727600)|HEAP_ALLOCATE|[412]|Bytes:408
16:17:20.305 (305750952)|HEAP_ALLOCATE|[520]|Bytes:48
16:17:20.305 (305790716)|HEAP_ALLOCATE|[139]|Bytes:6
16:17:20.305 (305814506)|HEAP_ALLOCATE|[EXTERNAL]|Bytes:23
16:17:20.305 (305830150)|METHOD_ENTRY|[1]|01p0900000IpxJZ|TestUpdateAccountCA.TestUpdateAccountCA()
16:17:20.305 (305840314)|STATEMENT_EXECUTE|[1]
16:17:20.305 (305847634)|STATEMENT_EXECUTE|[1]
16:17:20.305 (305853399)|METHOD_EXIT|[1]|TestUpdateAccountCA
16:17:20.305 (305881895)|HEAP_ALLOCATE|[52]|Bytes:5
16:17:20.305 (305916279)|HEAP_ALLOCATE|[58]|Bytes:5
16:17:20.305 (305929349)|HEAP_ALLOCATE|[66]|Bytes:7
16:17:20.305 (305973931)|STATEMENT_EXECUTE|[16]
16:17:20.305 (305977071)|STATEMENT_EXECUTE|[18]
16:17:20.305 (305981626)|HEAP_ALLOCATE|[18]|Bytes:58
16:17:20.305 (306006662)|HEAP_ALLOCATE|[18]|Bytes:4
16:17:20.305 (306415681)|SOQL_EXECUTE_BEGIN|[18]|Aggregations:0|SELECT Id FROM Account WHERE Name = 'Test Account' LIMIT 1
16:17:20.305 (318003858)|SOQL_EXECUTE_END|[18]|Rows:1
16:17:20.305 (318041168)|HEAP_ALLOCATE|[18]|Bytes:8
16:17:20.305 (318083418)|HEAP_ALLOCATE|[18]|Bytes:29
16:17:20.305 (318217931)|HEAP_ALLOCATE|[18]|Bytes:8
16:17:20.305 (318238808)|HEAP_ALLOCATE|[18]|Bytes:33
16:17:20.305 (318322942)|HEAP_ALLOCATE|[18]|Bytes:8
16:17:20.305 (318336406)|VARIABLE_SCOPE_BEGIN|[18]|acc|Account|true|false
16:17:20.305 (318400810)|VARIABLE_ASSIGNMENT|[18]|acc|{"Id":"0010900000Qv7YKAAZ"}|0x36275365
16:17:20.305 (318409784)|STATEMENT_EXECUTE|[19]
16:17:20.305 (318413614)|HEAP_ALLOCATE|[19]|Bytes:47
16:17:20.305 (318431270)|HEAP_ALLOCATE|[19]|Bytes:4
16:17:20.305 (318441350)|HEAP_ALLOCATE|[19]|Bytes:7
16:17:20.305 (318785381)|SOQL_EXECUTE_BEGIN|[19]|Aggregations:0|SELECT Id FROM Order WHERE AccountId = :tmpVar1
16:17:20.305 (324751671)|SOQL_EXECUTE_END|[19]|Rows:1
16:17:20.305 (324791189)|HEAP_ALLOCATE|[19]|Bytes:8
16:17:20.305 (324825180)|HEAP_ALLOCATE|[19]|Bytes:29
16:17:20.305 (324894722)|HEAP_ALLOCATE|[19]|Bytes:8
16:17:20.305 (324912265)|HEAP_ALLOCATE|[19]|Bytes:31
16:17:20.305 (324982333)|HEAP_ALLOCATE|[19]|Bytes:8
16:17:20.305 (324993953)|VARIABLE_SCOPE_BEGIN|[19]|newOrder|Order|true|false
16:17:20.305 (325027656)|VARIABLE_ASSIGNMENT|[19]|newOrder|{"Id":"80109000000KSpDAAW"}|0x634bdcfc
16:17:20.305 (325036879)|STATEMENT_EXECUTE|[21]
16:17:20.305 (325055089)|HEAP_ALLOCATE|[21]|Bytes:74
16:17:20.305 (325072973)|SYSTEM_METHOD_ENTRY|[1]|Test.Test()
16:17:20.305 (325078490)|STATEMENT_EXECUTE|[1]
16:17:20.305 (325086798)|SYSTEM_METHOD_EXIT|[1]|Test
16:17:20.305 (325108893)|METHOD_ENTRY|[21]||System.Test.startTest()
16:17:20.305 (326786347)|METHOD_EXIT|[21]||System.Test.startTest()
16:17:20.305 (326798413)|STATEMENT_EXECUTE|[22]
16:17:20.305 (326814797)|HEAP_ALLOCATE|[22]|Bytes:7
16:17:20.305 (326896562)|HEAP_ALLOCATE|[22]|Bytes:-4
16:17:20.305 (326939685)|VARIABLE_ASSIGNMENT|[22]|this.Status|"ordered"|0x634bdcfc
16:17:20.305 (326946700)|STATEMENT_EXECUTE|[23]
16:17:20.305 (326989254)|HEAP_ALLOCATE|[23]|Bytes:8
16:17:20.305 (327003493)|DML_BEGIN|[23]|Op:Update|Type:Order|Rows:1
16:17:20.305 (327036510)|HEAP_ALLOCATE|[EXTERNAL]|Bytes:8
16:17:20.305 (335743606)|CODE_UNIT_STARTED|[EXTERNAL]|01q09000000LvWP|UpdateAccountCA on Order trigger event BeforeUpdate|__sfdc_trigger/UpdateAccountCA
16:17:20.305 (335820498)|HEAP_ALLOCATE|[EXTERNAL]|Bytes:8
16:17:20.305 (335885587)|HEAP_ALLOCATE|[EXTERNAL]|Bytes:8
16:17:20.305 (336094362)|HEAP_ALLOCATE|[EXTERNAL]|Bytes:12
16:17:20.305 (336129333)|VARIABLE_SCOPE_BEGIN|[1]|this|UpdateAccountCA|true|false
16:17:20.305 (336327153)|VARIABLE_ASSIGNMENT|[1]|this|{}|0x58d85e01
16:17:20.305 (336413113)|HEAP_ALLOCATE|[EXTERNAL]|Bytes:12
16:17:20.305 (336428193)|VARIABLE_SCOPE_BEGIN|[1]|this|UpdateAccountCA|true|false
16:17:20.305 (336473151)|VARIABLE_ASSIGNMENT|[1]|this|{}|0x58d85e01
16:17:20.305 (336485909)|STATEMENT_EXECUTE|[1]
16:17:20.305 (336488853)|STATEMENT_EXECUTE|[3]
16:17:20.305 (336727037)|HEAP_ALLOCATE|[3]|Bytes:26
16:17:20.305 (336807928)|VARIABLE_ASSIGNMENT|[3]|this.ordersIds|["80109000000KSpDAAW"]|0x58d85e01
16:17:20.305 (336821289)|STATEMENT_EXECUTE|[5]
16:17:20.305 (337827235)|HEAP_ALLOCATE|[5]|Bytes:4
16:17:20.305 (337878865)|METHOD_ENTRY|[1]|01p0900000IrHxU|AccountsSelector.AccountsSelector()
16:17:20.305 (337887569)|STATEMENT_EXECUTE|[1]
16:17:20.305 (337892830)|STATEMENT_EXECUTE|[1]
16:17:20.305 (338490632)|SYSTEM_MODE_ENTER|false
16:17:20.305 (338532289)|HEAP_ALLOCATE|[5]|Bytes:5
16:17:20.305 (338546876)|SYSTEM_MODE_EXIT|false
16:17:20.305 (338564908)|METHOD_EXIT|[1]|AccountsSelector
16:17:20.305 (338601643)|METHOD_ENTRY|[5]|01p0900000IrHxU|AccountsSelector.selectAssociatedAccounts(Set<Id>)
16:17:20.305 (338641356)|VARIABLE_SCOPE_BEGIN|[4]|orderIds|Set<Id>|true|false
16:17:20.305 (338671739)|VARIABLE_ASSIGNMENT|[4]|orderIds|["80109000000KSpDAAW"]|0x15b25de5
16:17:20.305 (338704254)|SYSTEM_MODE_ENTER|false
16:17:20.305 (338715285)|HEAP_ALLOCATE|[5]|Bytes:5
16:17:20.305 (338724801)|STATEMENT_EXECUTE|[4]
16:17:20.305 (338728074)|STATEMENT_EXECUTE|[5]
16:17:20.305 (338733662)|HEAP_ALLOCATE|[5]|Bytes:106
16:17:20.305 (338757164)|HEAP_ALLOCATE|[5]|Bytes:4
16:17:20.305 (338844298)|HEAP_ALLOCATE|[5]|Bytes:8
16:17:20.305 (338859291)|HEAP_ALLOCATE|[5]|Bytes:8
16:17:20.305 (339417774)|SOQL_EXECUTE_BEGIN|[5]|Aggregations:0|SELECT Id, Chiffre_d_affaire__c FROM Account WHERE Id IN (SELECT AccountId FROM Order WHERE Id = :tmpVar1)
16:17:20.305 (346491787)|SOQL_EXECUTE_END|[5]|Rows:1
16:17:20.305 (346536062)|HEAP_ALLOCATE|[5]|Bytes:8
16:17:20.305 (346579563)|HEAP_ALLOCATE|[5]|Bytes:89
16:17:20.305 (346626601)|HEAP_ALLOCATE|[5]|Bytes:8
16:17:20.305 (346649912)|VARIABLE_SCOPE_BEGIN|[5]|accList|List<Account>|true|false
16:17:20.305 (346703222)|VARIABLE_ASSIGNMENT|[5]|accList|[{"Id":"0010900000Qv7YKAAZ","Chiffre_d_affaire__c":10000}]|0x7f8ef61f
16:17:20.305 (346714782)|STATEMENT_EXECUTE|[8]
16:17:20.305 (346724578)|SYSTEM_MODE_EXIT|false
16:17:20.305 (346748507)|METHOD_EXIT|[5]|01p0900000IrHxU|AccountsSelector.selectAssociatedAccounts(Set<Id>)
16:17:20.305 (346805333)|VARIABLE_ASSIGNMENT|[5]|this.accList|[{"Id":"0010900000Qv7YKAAZ","Chiffre_d_affaire__c":10000}]|0x58d85e01
16:17:20.305 (347084478)|HEAP_ALLOCATE|[8]|Bytes:5
16:17:20.305 (347116783)|HEAP_ALLOCATE|[8]|Bytes:4
16:17:20.305 (347131660)|VARIABLE_SCOPE_BEGIN|[8]|newOrder|Order|true|false
16:17:20.305 (348416669)|VARIABLE_ASSIGNMENT|[8]|newOrder|{"Status":"Ordered","LastModifiedDate":"2021-06-14T14:17:20.000Z","IsDeleted":false,"AccountId":"0010900000Qv7YKAAZ","OrderNumber":"00100103","TotalAmount":1500.00,"StatusCode":"Activated","IsReductionOrder":false,"SystemModstamp":"2021-06-14T14:17:20.000Z","OwnerId":"00509000006mONWAA2","CreatedById":"00509000006mONWAA2","CreatedDate":"2021-06-14T14:17:20.000Z","Pricebook2Id":"01s0900000CUUt8AAH","Id":"80109000000KSpDAAW","LastModifiedById":"00509000006mONWAA2","EffectiveDate":"2021-06-14T00:00:00.000Z"}|0x46f36390
16:17:20.305 (348447280)|STATEMENT_EXECUTE|[8]
16:17:20.305 (348621524)|HEAP_ALLOCATE|[10]|Bytes:5
16:17:20.305 (348650944)|HEAP_ALLOCATE|[10]|Bytes:12
16:17:20.305 (348666131)|VARIABLE_SCOPE_BEGIN|[10]|acc|Account|true|false
16:17:20.305 (348697809)|VARIABLE_ASSIGNMENT|[10]|acc|{"Id":"0010900000Qv7YKAAZ","Chiffre_d_affaire__c":10000}|0x528798fa
16:17:20.305 (348707804)|STATEMENT_EXECUTE|[10]
16:17:20.305 (348851702)|STATEMENT_EXECUTE|[11]
16:17:20.305 (348854978)|STATEMENT_EXECUTE|[13]
16:17:20.305 (348980202)|HEAP_ALLOCATE|[13]|Bytes:28
16:17:20.305 (349085429)|VARIABLE_ASSIGNMENT|[13]|this.Chiffre_d_affaire__c|11500.00|0x528798fa
16:17:20.305 (349099612)|STATEMENT_EXECUTE|[14]
16:17:20.305 (349111623)|VARIABLE_ASSIGNMENT|[10]|acc|null|
16:17:20.305 (349137638)|HEAP_ALLOCATE|[8]|Bytes:5
16:17:20.305 (349158005)|VARIABLE_ASSIGNMENT|[8]|newOrder|null|
16:17:20.305 (349165354)|STATEMENT_EXECUTE|[19]
16:17:20.305 (349269884)|DML_BEGIN|[19]|Op:Update|Type:Account|Rows:1
16:17:20.305 (349323952)|HEAP_ALLOCATE|[EXTERNAL]|Bytes:8
16:17:20.305 (372617259)|DML_END|[19]
16:17:20.305 (372709364)|HEAP_ALLOCATE|[EXTERNAL]|Bytes:8
16:17:20.372 (372748005)|CUMULATIVE_LIMIT_USAGE
16:17:20.372 (372748005)|LIMIT_USAGE_FOR_NS|(default)|
  Number of SOQL queries: 2 out of 100
  Number of query rows: 2 out of 50000
  Number of SOSL queries: 0 out of 20
  Number of DML statements: 5 out of 150
  Number of Publish Immediate DML: 0 out of 150
  Number of DML rows: 5 out of 10000
  Maximum CPU time: 0 out of 10000
  Maximum heap size: 0 out of 6000000
  Number of callouts: 0 out of 100
  Number of Email Invocations: 0 out of 10
  Number of future calls: 0 out of 50
  Number of queueable jobs added to the queue: 0 out of 50
  Number of Mobile Apex push calls: 0 out of 10

16:17:20.372 (372748005)|TESTING_LIMITS
16:17:20.372 (372748005)|LIMIT_USAGE_FOR_NS|(default)|
  Number of SOQL queries: 1 out of 100
  Number of query rows: 1 out of 50000
  Number of SOSL queries: 0 out of 20
  Number of DML statements: 2 out of 150
  Number of Publish Immediate DML: 0 out of 150
  Number of DML rows: 2 out of 10000
  Maximum CPU time: 0 out of 10000
  Maximum heap size: 0 out of 6000000
  Number of callouts: 0 out of 100
  Number of Email Invocations: 0 out of 10
  Number of future calls: 0 out of 50
  Number of queueable jobs added to the queue: 0 out of 50
  Number of Mobile Apex push calls: 0 out of 10

16:17:20.372 (372748005)|CUMULATIVE_LIMIT_USAGE_END

16:17:20.305 (373863480)|CODE_UNIT_FINISHED|UpdateAccountCA on Order trigger event BeforeUpdate|__sfdc_trigger/UpdateAccountCA
16:17:20.305 (375434575)|CODE_UNIT_STARTED|[EXTERNAL]|01q09000000Lvic|CalculateAmount on Order trigger event BeforeUpdate|__sfdc_trigger/CalculateAmount
16:17:20.305 (375511541)|HEAP_ALLOCATE|[EXTERNAL]|Bytes:8
16:17:20.305 (375527465)|HEAP_ALLOCATE|[EXTERNAL]|Bytes:8
16:17:20.305 (375686001)|HEAP_ALLOCATE|[EXTERNAL]|Bytes:4
16:17:20.305 (375704192)|VARIABLE_SCOPE_BEGIN|[1]|this|CalculateAmount|true|false
16:17:20.305 (375801312)|VARIABLE_ASSIGNMENT|[1]|this|{}|0x1e23453b
16:17:20.305 (375871926)|HEAP_ALLOCATE|[EXTERNAL]|Bytes:4
16:17:20.305 (375885038)|VARIABLE_SCOPE_BEGIN|[1]|this|CalculateAmount|true|false
16:17:20.305 (375912694)|VARIABLE_ASSIGNMENT|[1]|this|{}|0x1e23453b
16:17:20.305 (375924451)|STATEMENT_EXECUTE|[1]
16:17:20.305 (376065911)|HEAP_ALLOCATE|[4]|Bytes:5
16:17:20.305 (376096621)|HEAP_ALLOCATE|[4]|Bytes:4
16:17:20.305 (376111355)|VARIABLE_SCOPE_BEGIN|[4]|newOrder|Order|true|false
16:17:20.305 (376911920)|VARIABLE_ASSIGNMENT|[4]|newOrder|{"Status":"Ordered","LastModifiedDate":"2021-06-14T14:17:20.000Z","IsDeleted":false,"AccountId":"0010900000Qv7YKAAZ","OrderNumber":"00100103","TotalAmount":1500.00,"StatusCode":"Activated","IsReductionOrder":false,"SystemModstamp":"2021-06-14T14:17:20.000Z","OwnerId":"00509000006mONWAA2","CreatedById":"00509000006mONWAA2","CreatedDate":"2021-06-14T14:17:20.000Z","Pricebook2Id":"01s0900000CUUt8AAH","Id":"80109000000KSpDAAW","LastModifiedById":"00509000006mONWAA2","EffectiveDate":"2021-06-14T00:00:00.000Z"}|0x46f36390
16:17:20.305 (376942952)|STATEMENT_EXECUTE|[4]
16:17:20.305 (376946196)|STATEMENT_EXECUTE|[5]
16:17:20.305 (377520478)|HEAP_ALLOCATE|[5]|Bytes:28
16:17:20.305 (377712359)|FATAL_ERROR|System.NullPointerException: Argument cannot be null.

Trigger.CalculateAmount: line 5, column 1
16:17:20.305 (377732663)|FATAL_ERROR|System.NullPointerException: Argument cannot be null.

Trigger.CalculateAmount: line 5, column 1
16:17:20.377 (377805242)|CUMULATIVE_LIMIT_USAGE
16:17:20.377 (377805242)|LIMIT_USAGE_FOR_NS|(default)|
  Number of SOQL queries: 2 out of 100
  Number of query rows: 2 out of 50000
  Number of SOSL queries: 0 out of 20
  Number of DML statements: 5 out of 150
  Number of Publish Immediate DML: 0 out of 150
  Number of DML rows: 5 out of 10000
  Maximum CPU time: 0 out of 10000
  Maximum heap size: 0 out of 6000000
  Number of callouts: 0 out of 100
  Number of Email Invocations: 0 out of 10
  Number of future calls: 0 out of 50
  Number of queueable jobs added to the queue: 0 out of 50
  Number of Mobile Apex push calls: 0 out of 10

16:17:20.377 (377805242)|TESTING_LIMITS
16:17:20.377 (377805242)|LIMIT_USAGE_FOR_NS|(default)|
  Number of SOQL queries: 1 out of 100
  Number of query rows: 1 out of 50000
  Number of SOSL queries: 0 out of 20
  Number of DML statements: 2 out of 150
  Number of Publish Immediate DML: 0 out of 150
  Number of DML rows: 2 out of 10000
  Maximum CPU time: 0 out of 10000
  Maximum heap size: 0 out of 6000000
  Number of callouts: 0 out of 100
  Number of Email Invocations: 0 out of 10
  Number of future calls: 0 out of 50
  Number of queueable jobs added to the queue: 0 out of 50
  Number of Mobile Apex push calls: 0 out of 10

16:17:20.377 (377805242)|CUMULATIVE_LIMIT_USAGE_END

16:17:20.305 (378862428)|CODE_UNIT_FINISHED|CalculateAmount on Order trigger event BeforeUpdate|__sfdc_trigger/CalculateAmount
16:17:20.305 (380446738)|DML_END|[23]
16:17:20.305 (380594679)|EXCEPTION_THROWN|[23]|System.DmlException: Update failed. First exception on row 0 with id 80109000000KSpDAAW; first error: CANNOT_INSERT_UPDATE_ACTIVATE_ENTITY, CalculateAmount: execution of BeforeUpdate

caused by: System.NullPointerException: Argument cannot be null.

Trigger.CalculateAmount: line 5, column 1: []
16:17:20.305 (381088292)|HEAP_ALLOCATE|[23]|Bytes:278
16:17:20.305 (381186739)|FATAL_ERROR|System.DmlException: Update failed. First exception on row 0 with id 80109000000KSpDAAW; first error: CANNOT_INSERT_UPDATE_ACTIVATE_ENTITY, CalculateAmount: execution of BeforeUpdate

caused by: System.NullPointerException: Argument cannot be null.

Trigger.CalculateAmount: line 5, column 1: []

Class.TestUpdateAccountCA.updateAccountWithOneOrder: line 23, column 1
16:17:20.305 (381213362)|FATAL_ERROR|System.DmlException: Update failed. First exception on row 0 with id 80109000000KSpDAAW; first error: CANNOT_INSERT_UPDATE_ACTIVATE_ENTITY, CalculateAmount: execution of BeforeUpdate

caused by: System.NullPointerException: Argument cannot be null.

Trigger.CalculateAmount: line 5, column 1: []

Class.TestUpdateAccountCA.updateAccountWithOneOrder: line 23, column 1
16:17:20.381 (381224611)|CUMULATIVE_LIMIT_USAGE
16:17:20.381 (381224611)|LIMIT_USAGE_FOR_NS|(default)|
  Number of SOQL queries: 2 out of 100
  Number of query rows: 2 out of 50000
  Number of SOSL queries: 0 out of 20
  Number of DML statements: 5 out of 150
  Number of Publish Immediate DML: 0 out of 150
  Number of DML rows: 5 out of 10000
  Maximum CPU time: 0 out of 10000
  Maximum heap size: 0 out of 6000000
  Number of callouts: 0 out of 100
  Number of Email Invocations: 0 out of 10
  Number of future calls: 0 out of 50
  Number of queueable jobs added to the queue: 0 out of 50
  Number of Mobile Apex push calls: 0 out of 10

16:17:20.381 (381224611)|TESTING_LIMITS
16:17:20.381 (381224611)|LIMIT_USAGE_FOR_NS|(default)|
  Number of SOQL queries: 0 out of 100
  Number of query rows: 0 out of 50000
  Number of SOSL queries: 0 out of 20
  Number of DML statements: 1 out of 150
  Number of Publish Immediate DML: 0 out of 150
  Number of DML rows: 1 out of 10000
  Maximum CPU time: 0 out of 10000
  Maximum heap size: 0 out of 6000000
  Number of callouts: 0 out of 100
  Number of Email Invocations: 0 out of 10
  Number of future calls: 0 out of 50
  Number of queueable jobs added to the queue: 0 out of 50
  Number of Mobile Apex push calls: 0 out of 10

16:17:20.381 (381224611)|CUMULATIVE_LIMIT_USAGE_END

16:17:20.305 (381266419)|CODE_UNIT_FINISHED|TestUpdateAccountCA.updateAccountWithOneOrder()
16:17:20.305 (381273818)|EXECUTION_FINISHED
